<?xml version="1.0" encoding="utf-8"?><testsuites name="pytest tests"><testsuite name="pytest" errors="0" failures="0" skipped="0" tests="10" time="11.436" timestamp="2026-01-20T23:11:37.685634+00:00" hostname="agent-env-781ab7c2-ad3b-4f98-b9cc-8bf80b9223a1"><testcase classname="tests.test_settings_api.TestSettingsAPI" name="test_get_settings_public" time="0.786" /><testcase classname="tests.test_settings_api.TestSettingsAPI" name="test_get_settings_theme_colors_structure" time="0.447" /><testcase classname="tests.test_settings_api.TestSettingsAPI" name="test_get_settings_layout_settings_structure" time="0.442" /><testcase classname="tests.test_settings_api.TestSettingsAPI" name="test_update_settings_requires_auth" time="0.444" /><testcase classname="tests.test_settings_api.TestSettingsAPI" name="test_update_settings_requires_admin" time="1.100" /><testcase classname="tests.test_settings_api.TestSettingsAPI" name="test_update_theme_colors_as_admin" time="2.048" /><testcase classname="tests.test_settings_api.TestSettingsAPI" name="test_update_layout_settings_as_admin" time="1.854" /><testcase classname="tests.test_settings_api.TestSettingsAPI" name="test_update_logo_url_as_admin" time="1.615" /><testcase classname="tests.test_settings_api.TestSettingsAPI" name="test_update_business_name_as_admin" time="2.071" /><testcase classname="tests.test_settings_api.TestAdminAuth" name="test_admin_login" time="0.581" /></testsuite></testsuites>